LEM: log-linear and event history analysis with missing data.
Developed by Jeroen Vermunt (c), Tilburg University, The Netherlands.
Version 1.0 (September 18, 1997).


*** INPUT ***

  
man 2

dim 5 5
lab A B
mod {A B fac(AB,1) fac(AB,1) fac(AB,1) fac(AB,1) fac(AB,3)}

des [0 1 1 1 1
                1 0 0 0 0
                1 0 0 0 0
                1 0 0 0 0
                1 0 0 0 0
    
                0 0 1 1 1
                0 0 1 1 1
                1 1 0 0 0
                1 1 0 0 0
                1 1 0 0 0
                
                0 0 0 1 1
                0 0 0 1 1
                0 0 0 1 1
                1 1 1 0 0
                1 1 1 0 0
    
                0 0 0 0 1
                0 0 0 0 1
                0 0 0 0 1
                0 0 0 0 1
                1 1 1 1 0
    
                0 0 0 0 0
                0 1 0 0 0
                0 0 2 0 0
                0 0 0 3 0
                0 0 0 0 0]

dum 1 1
dat [1414 521 302 643 40 724 524 254 703 48 798 648 856 1676 108 756 914 771 3325 237 409 357 441 1611 1832]

see 123



*** STATISTICS ***

  Number of iterations = 63
  Converge criterion   = 0.0000007997

  X-squared            = 64.6695 (0.0000)
  L-squared            = 64.2368 (0.0000)
  Cressie-Read         = 64.5083 (0.0000)
  Dissimilarity index  = 0.0163
  Degrees of freedom   = 9
  Log-likelihood       = -57560.30220
  Number of parameters = 15 (+1)
  Sample size          = 19912.0
  BIC(L-squared)       = -24.8549
  AIC(L-squared)       = 46.2368
  BIC(log-likelihood)  = 115269.0906
  AIC(log-likelihood)  = 115150.6044

  Eigenvalues information matrix
    9403.1564  7773.4562  5480.6238  4829.6299  3732.1148  2975.4311
    2597.2496  2250.3641  1542.2114   810.5581   640.3801   399.4709
     355.2845   319.8144   250.6771




*** FREQUENCIES ***

  A B     observed  estimated  std. res.
  1 1    1414.000   1413.998      0.000
  1 2     521.000    566.367     -1.906
  1 3     302.000    266.259      2.190
  1 4     643.000    630.267      0.507
  1 5      40.000     43.108     -0.473
  2 1     724.000    678.636      1.741
  2 2     524.000    524.000      0.000
  2 3     254.000    297.636     -2.529
  2 4     703.000    704.540     -0.058
  2 5      48.000     48.188     -0.027
  3 1     798.000    743.999      1.980
  3 2     648.000    694.088     -1.749
  3 3     856.000    856.001     -0.000
  3 4    1676.000   1677.199     -0.029
  3 5     108.000    114.714     -0.627
  4 1     756.000    849.480     -3.207
  4 2     914.000    792.493      4.316
  4 3     771.000    808.993     -1.336
  4 4    3325.000   3325.039     -0.001
  4 5     237.000    227.000      0.664
  5 1     409.000    414.886     -0.289
  5 2     357.000    387.053     -1.528
  5 3     441.000    395.112      2.309
  5 4    1611.000   1620.955     -0.247
  5 5    1832.000   1831.991      0.000



*** LOG-LINEAR PARAMETERS ***

* TABLE AB [or P(AB)] *

  effect           beta  std err  z-value   exp(beta)     Wald  df  prob
  main           7.2542                    1.41E+0003 
  A 
   1             0.0000                        1.0000 
   2            -0.3113   0.0322   -9.666      0.7325 
   3             0.1683   0.0274    6.134      1.1833 
   4             0.5758   0.0325   17.720      1.7786 
   5             1.2616   0.0347   36.395      3.5312  2077.93   4 0.000
  B 
   1             0.0000                        1.0000 
   2            -0.4922   0.0292  -16.836      0.6113 
   3            -0.8593   0.0319  -26.917      0.4235 
   4             0.2774   0.0277   10.007      1.3197 
   5            -1.0027   0.0347  -28.924      0.3669  2414.91   4 0.000
  fac(AB)
   1            -0.4227   0.0238  -17.786      0.6552   316.35   1 0.000
  fac(AB)
   1            -0.3877   0.0223  -17.384      0.6786   302.21   1 0.000
  fac(AB)
   1            -0.2750   0.0225  -12.213      0.7596   149.16   1 0.000
  fac(AB)
   1            -1.4024   0.0292  -48.046      0.2460  2308.46   1 0.000
  fac(AB)
   1            -0.1892   0.0584   -3.237      0.8277 
   2             0.1891   0.0485    3.901      1.2081 
   3             0.0018   0.0431    0.043      1.0018    25.70   3 0.000



*** (CONDITIONAL) PROBABILITIES ***

* P(AB) *

  1 1            0.0710  (0.0018)
  1 2            0.0284  (0.0010)
  1 3            0.0134  (0.0005)
  1 4            0.0317  (0.0010)
  1 5            0.0022  (0.0001)
  2 1            0.0341  (0.0011)
  2 2            0.0263  (0.0011)
  2 3            0.0149  (0.0006)
  2 4            0.0354  (0.0010)
  2 5            0.0024  (0.0001)
  3 1            0.0374  (0.0010)
  3 2            0.0349  (0.0010)
  3 3            0.0430  (0.0014)
  3 4            0.0842  (0.0018)
  3 5            0.0058  (0.0003)
  4 1            0.0427  (0.0011)
  4 2            0.0398  (0.0010)
  4 3            0.0406  (0.0011)
  4 4            0.1670  (0.0026)
  4 5            0.0114  (0.0006)
  5 1            0.0208  (0.0007)
  5 2            0.0194  (0.0006)
  5 3            0.0198  (0.0007)
  5 4            0.0814  (0.0019)
  5 5            0.0920  (0.0020)


