LEM: log-linear and event history analysis with missing data.
Developed by Jeroen Vermunt (c), Tilburg University, The Netherlands.
Version 1.0 (September 18, 1997).


*** INPUT ***

  
man 2

dim 5 5
lab A B
mod {A B fac(AB,13)}

des [1  6  0  0  0
                7  2  8  0  0
                0  9  3 10  0
                0  0 11  4 12
                0  0  0 13  5]


dat [1414 521 302 643 40 724 524 254 703 48 798 648 856 1676 108 756 914 771 3325 237 409 357 441 1611 1832]

see 123



*** STATISTICS ***

  Number of iterations = 336
  Converge criterion   = 0.0000009836

  X-squared            = 15.4780 (0.0015)
  L-squared            = 15.5428 (0.0014)
  Cressie-Read         = 15.4971 (0.0014)
  Dissimilarity index  = 0.0055
  Degrees of freedom   = 3
  Log-likelihood       = -57535.95520
  Number of parameters = 21 (+1)
  Sample size          = 19912.0
  BIC(L-squared)       = -14.1544
  AIC(L-squared)       = 9.5428
  BIC(log-likelihood)  = 115279.7910
  AIC(log-likelihood)  = 115113.9104

  Eigenvalues information matrix
   28564.5796  9715.5634  8341.5702  5654.1157  4431.8627  3436.0374
    2949.0152  2672.3365  1300.7940   946.7141   712.1744   630.9947
     412.0335   404.9234   348.1848   299.0146   224.6335   139.4447
      84.8172    58.8032    17.8475




*** FREQUENCIES ***

  A B     observed  estimated  std. res.
  1 1    1414.000   1413.988      0.000
  1 2     521.000    520.996      0.000
  1 3     302.000    309.055     -0.401
  1 4     643.000    637.569      0.215
  1 5      40.000     38.386      0.261
  2 1     724.000    723.992      0.000
  2 2     524.000    523.995      0.000
  2 3     254.000    253.998      0.000
  2 4     703.000    708.363     -0.202
  2 5      48.000     42.648      0.820
  3 1     798.000    791.020      0.248
  3 2     648.000    648.000      0.000
  3 3     856.000    856.004     -0.000
  3 4    1676.000   1676.017     -0.000
  3 5     108.000    114.959     -0.649
  4 1     756.000    801.143     -1.595
  4 2     914.000    868.824      1.533
  4 3     771.000    771.004     -0.000
  4 4    3325.000   3325.036     -0.001
  4 5     237.000    237.001     -0.000
  5 1     409.000    370.856      1.981
  5 2     357.000    402.186     -2.253
  5 3     441.000    433.939      0.339
  5 4    1611.000   1611.015     -0.000
  5 5    1832.000   1832.006     -0.000



*** LOG-LINEAR PARAMETERS ***

* TABLE AB [or P(AB)] *

  effect           beta  std err  z-value   exp(beta)     Wald  df  prob
  main           5.9448                      381.7636 
  A 
   1            -0.5302   0.0437  -12.139      0.5885 
   2            -0.4249   0.0561   -7.579      0.6538 
   3             0.5667   0.0432   13.112      1.7624 
   4             0.5794   0.0404   14.351      1.7849 
   5            -0.1909                        0.8263   415.00   4 0.000
  B 
   1             0.1619   0.0378    4.287      1.1757 
   2             0.2430   0.0417    5.830      1.2750 
   3             0.3190   0.0389    8.198      1.3757 
   4             1.0431   0.0541   19.281      2.8380 
   5            -1.7669                        0.1709  1052.06   4 0.000
  fac(AB)
   1             1.6777   0.0790   21.240      5.3534 
   2             0.4987   0.0994    5.019      1.6465 
   3            -0.0781   0.0745   -1.049      0.9248 
   4             0.5420   0.0857    6.324      1.7194 
   5             3.5261   0.0880   40.090     33.9911 
   6             0.5982   0.0881    6.786      1.8189 
   7             0.9031   0.0946    9.549      2.4671 
   8            -0.3015   0.0962   -3.135      0.7397 
   9            -0.2805   0.0656   -4.279      0.7554 
   10           -0.1304   0.0883   -1.476      0.8778 
   11           -0.1954   0.0712   -2.746      0.8225 
   12            0.7108   0.1080    6.583      2.0356 
   13            0.5876   0.0798    7.364      1.7996  4915.33  13 0.000



*** (CONDITIONAL) PROBABILITIES ***

* P(AB) *

  1 1            0.0710  (0.0018)
  1 2            0.0262  (0.0011)
  1 3            0.0155  (0.0008)
  1 4            0.0320  (0.0012)
  1 5            0.0019  (0.0002)
  2 1            0.0364  (0.0013)
  2 2            0.0263  (0.0011)
  2 3            0.0128  (0.0008)
  2 4            0.0356  (0.0013)
  2 5            0.0021  (0.0002)
  3 1            0.0397  (0.0014)
  3 2            0.0325  (0.0013)
  3 3            0.0430  (0.0014)
  3 4            0.0842  (0.0020)
  3 5            0.0058  (0.0005)
  4 1            0.0402  (0.0013)
  4 2            0.0436  (0.0013)
  4 3            0.0387  (0.0014)
  4 4            0.1670  (0.0026)
  4 5            0.0119  (0.0008)
  5 1            0.0186  (0.0007)
  5 2            0.0202  (0.0008)
  5 3            0.0218  (0.0010)
  5 4            0.0809  (0.0019)
  5 5            0.0920  (0.0020)


