LEM: log-linear and event history analysis with missing data.
Developed by Jeroen Vermunt (c), Tilburg University, The Netherlands.
Version 1.0 (September 18, 1997).


*** INPUT ***

  
man 2

dim 5 5
lab A B
mod {A B fac(AB,7)}

des [1 6 0 0 0
                7 2 6 0 0
                0 7 3 6 0
                0 0 7 4 6
                0 0 0 7 5]


dat [1414 521 302 643 40 724 524 254 703 48 798 648 856 1676 108 756 914 771 3325 237 409 357 441 1611 1832]

see 123



*** STATISTICS ***

  Number of iterations = 53
  Converge criterion   = 0.0000009518

  X-squared            = 327.7828 (0.0000)
  L-squared            = 327.8529 (0.0000)
  Cressie-Read         = 327.4741 (0.0000)
  Dissimilarity index  = 0.0413
  Degrees of freedom   = 9
  Log-likelihood       = -57692.11024
  Number of parameters = 15 (+1)
  Sample size          = 19912.0
  BIC(L-squared)       = 238.7612
  AIC(L-squared)       = 309.8529
  BIC(log-likelihood)  = 115532.7066
  AIC(log-likelihood)  = 115414.2205

  Eigenvalues information matrix
   28406.8804  9256.8143  8431.0720  5786.2683  4540.7105  3258.7739
    2715.1140  2565.6827  2171.8755  1607.2831   639.4608   421.6858
     316.6819   280.6467   243.8610




*** FREQUENCIES ***

  A B     observed  estimated  std. res.
  1 1    1414.000   1414.001     -0.000
  1 2     521.000    463.617      2.665
  1 3     302.000    246.753      3.517
  1 4     643.000    731.773     -3.282
  1 5      40.000     63.862     -2.986
  2 1     724.000    601.454      4.997
  2 2     524.000    523.999      0.000
  2 3     254.000    344.678     -4.884
  2 4     703.000    720.035     -0.635
  2 5      48.000     62.837     -1.872
  3 1     798.000    646.700      5.950
  3 2     648.000    803.841     -5.497
  3 3     856.000    855.995      0.000
  3 4    1676.000   1676.413     -0.010
  3 5     108.000    103.055      0.487
  4 1     756.000    898.568     -4.756
  4 2     914.000    732.260      6.716
  4 3     771.000    843.908     -2.510
  4 4    3325.000   3324.992      0.000
  4 5     237.000    203.279      2.365
  5 1     409.000    540.278     -5.648
  5 2     357.000    440.283     -3.969
  5 3     441.000    332.666      5.940
  5 4    1611.000   1504.786      2.738
  5 5    1832.000   1831.967      0.001



*** LOG-LINEAR PARAMETERS ***

* TABLE AB [or P(AB)] *

  effect           beta  std err  z-value   exp(beta)     Wald  df  prob
  main           5.9222                      373.2450 
  A 
   1            -0.3137   0.0238  -13.158      0.7307 
   2            -0.3299   0.0216  -15.268      0.7190 
   3             0.1648   0.0192    8.565      1.1792 
   4             0.4937   0.0199   24.838      1.6384 
   5            -0.0150                        0.9851   925.78   4 0.000
  B 
   1             0.3848   0.0214   17.999      1.4693 
   2             0.1802   0.0207    8.720      1.1974 
   3            -0.1001   0.0235   -4.255      0.9047 
   4             0.9870   0.0189   52.195      2.6831 
   5            -1.4518                        0.2341  3023.55   4 0.000
  fac(AB)
   1             1.2608   0.0436   28.887      3.5284 
   2             0.4890   0.0565    8.662      1.6307 
   3             0.7653   0.0524   14.616      2.1497 
   4             0.7063   0.0356   19.854      2.0264 
   5             3.0577   0.0590   51.841     21.2781 
   6             0.3504   0.0290   12.091      1.4196 
   7             0.4222   0.0233   18.084      1.5253  4875.85   7 0.000



*** (CONDITIONAL) PROBABILITIES ***

* P(AB) *

  1 1            0.0710  (0.0018)
  1 2            0.0233  (0.0009)
  1 3            0.0124  (0.0004)
  1 4            0.0368  (0.0011)
  1 5            0.0032  (0.0002)
  2 1            0.0302  (0.0010)
  2 2            0.0263  (0.0011)
  2 3            0.0173  (0.0007)
  2 4            0.0362  (0.0011)
  2 5            0.0032  (0.0002)
  3 1            0.0325  (0.0009)
  3 2            0.0404  (0.0012)
  3 3            0.0430  (0.0014)
  3 4            0.0842  (0.0018)
  3 5            0.0052  (0.0003)
  4 1            0.0451  (0.0011)
  4 2            0.0368  (0.0010)
  4 3            0.0424  (0.0012)
  4 4            0.1670  (0.0026)
  4 5            0.0102  (0.0005)
  5 1            0.0271  (0.0007)
  5 2            0.0221  (0.0007)
  5 3            0.0167  (0.0006)
  5 4            0.0756  (0.0017)
  5 5            0.0920  (0.0020)


