LEM: log-linear and event history analysis with missing data.
Developed by Jeroen Vermunt (c), Tilburg University, The Netherlands.
Version 1.0 (September 18, 1997).


*** INPUT ***

  
man 2

dim 5 5
lab A B
mod {A B fac(AB,6)}

des [1 6 0 0 0
                6 2 6 0 0
                0 6 3 6 0
                0 0 6 4 6
                0 0 0 6 5]


dat [1414 521 302 643 40 724 524 254 703 48 798 648 856 1676 108 756 914 771 3325 237 409 357 441 1611 1832]

see 123



*** STATISTICS ***

  Number of iterations = 53
  Converge criterion   = 0.0000008807

  X-squared            = 332.9926 (0.0000)
  L-squared            = 333.7950 (0.0000)
  Cressie-Read         = 332.9000 (0.0000)
  Dissimilarity index  = 0.0420
  Degrees of freedom   = 10
  Log-likelihood       = -57695.08129
  Number of parameters = 14 (+1)
  Sample size          = 19912.0
  BIC(L-squared)       = 234.8042
  AIC(L-squared)       = 313.7950
  BIC(log-likelihood)  = 115528.7497
  AIC(log-likelihood)  = 115418.1626

  Eigenvalues information matrix
   28322.2371  9138.7301  8585.2721  6345.3768  4104.4727  3297.8499
    2790.2605  2591.0726  2472.2646   694.7053   424.5569   329.4977
     282.7306   249.9661




*** FREQUENCIES ***

  A B     observed  estimated  std. res.
  1 1    1414.000   1414.001     -0.000
  1 2     521.000    481.909      1.781
  1 3     302.000    243.658      3.738
  1 4     643.000    718.486     -2.816
  1 5      40.000     61.952     -2.789
  2 1     724.000    590.470      5.495
  2 2     524.000    523.999      0.000
  2 3     254.000    361.338     -5.647
  2 4     703.000    715.502     -0.467
  2 5      48.000     61.695     -1.744
  3 1     798.000    639.220      6.280
  3 2     648.000    773.657     -4.518
  3 3     856.000    855.996      0.000
  3 4    1676.000   1717.674     -1.006
  3 5     108.000     99.458      0.857
  4 1     756.000    906.038     -4.985
  4 2     914.000    736.387      6.545
  4 3     771.000    825.658     -1.902
  4 4    3325.000   3324.994      0.000
  4 5     237.000    209.929      1.868
  5 1     409.000    551.271     -6.059
  5 2     357.000    448.048     -4.301
  5 3     441.000    337.350      5.643
  5 4    1611.000   1481.344      3.369
  5 5    1832.000   1831.967      0.001



*** LOG-LINEAR PARAMETERS ***

* TABLE AB [or P(AB)] *

  effect           beta  std err  z-value   exp(beta)     Wald  df  prob
  main           5.9165                      371.1079 
  A 
   1            -0.3234   0.0235  -13.777      0.7237 
   2            -0.3275   0.0216  -15.174      0.7207 
   3             0.1500   0.0183    8.202      1.1619 
   4             0.4989   0.0198   25.249      1.6468 
   5             0.0020                        1.0020   933.55   4 0.000
  B 
   1             0.3937   0.0211   18.670      1.4825 
   2             0.1864   0.0205    9.092      1.2049 
   3            -0.0974   0.0235   -4.152      0.9072 
   4             0.9840   0.0189   52.114      2.6752 
   5            -1.4668                        0.2307  3017.75   4 0.000
  fac(AB)
   1             1.2673   0.0436   29.090      3.5513 
   2             0.4861   0.0564    8.613      1.6260 
   3             0.7831   0.0519   15.103      2.1883 
   4             0.7099   0.0355   19.983      2.0337 
   5             3.0614   0.0590   51.865     21.3582 
   6             0.3982   0.0212   18.760      1.4892  4855.46   6 0.000



*** (CONDITIONAL) PROBABILITIES ***

* P(AB) *

  1 1            0.0710  (0.0018)
  1 2            0.0242  (0.0008)
  1 3            0.0122  (0.0004)
  1 4            0.0361  (0.0010)
  1 5            0.0031  (0.0002)
  2 1            0.0297  (0.0010)
  2 2            0.0263  (0.0011)
  2 3            0.0181  (0.0006)
  2 4            0.0359  (0.0011)
  2 5            0.0031  (0.0002)
  3 1            0.0321  (0.0009)
  3 2            0.0389  (0.0010)
  3 3            0.0430  (0.0014)
  3 4            0.0863  (0.0017)
  3 5            0.0050  (0.0003)
  4 1            0.0455  (0.0011)
  4 2            0.0370  (0.0010)
  4 3            0.0415  (0.0011)
  4 4            0.1670  (0.0026)
  4 5            0.0105  (0.0005)
  5 1            0.0277  (0.0007)
  5 2            0.0225  (0.0006)
  5 3            0.0169  (0.0006)
  5 4            0.0744  (0.0016)
  5 5            0.0920  (0.0020)


