LEM: log-linear and event history analysis with missing data.
Developed by Jeroen Vermunt (c), Tilburg University, The Netherlands.
Version 1.0 (September 18, 1997).


*** INPUT ***

  
man 2

dim 5 5
lab A B
mod {A B fac(AB,9)}

des [1 6 0 0 0
                7 2 0 0 0
                0 0 3 0 0
                0 0 0 4 8
                0 0 0 9 5]


dat [1414 521 302 643 40 724 524 254 703 48 798 648 856 1676 108 756 914 771 3325 237 409 357 441 1611 1832]

see 123



*** STATISTICS ***

  Number of iterations = 108
  Converge criterion   = 0.0000008622

  X-squared            = 50.4440 (0.0000)
  L-squared            = 50.1227 (0.0000)
  Cressie-Read         = 50.3269 (0.0000)
  Dissimilarity index  = 0.0137
  Degrees of freedom   = 7
  Log-likelihood       = -57553.24512
  Number of parameters = 17 (+1)
  Sample size          = 19912.0
  BIC(L-squared)       = -19.1709
  AIC(L-squared)       = 36.1227
  BIC(log-likelihood)  = 115274.7746
  AIC(log-likelihood)  = 115140.4902

  Eigenvalues information matrix
   28501.2358  9680.7649  8324.0262  5046.0720  4096.6366  3307.4572
    2924.6811  2505.7491  1061.7440   709.1698   604.8414   364.9651
     340.7985   284.6855   237.9139   137.9811    62.4466




*** FREQUENCIES ***

  A B     observed  estimated  std. res.
  1 1    1414.000   1414.003     -0.000
  1 2     521.000    521.001     -0.000
  1 3     302.000    279.109      1.370
  1 4     643.000    662.891     -0.773
  1 5      40.000     43.002     -0.458
  2 1     724.000    724.002     -0.000
  2 2     524.000    524.001     -0.000
  2 3     254.000    284.776     -1.824
  2 4     703.000    676.350      1.025
  2 5      48.000     43.875      0.623
  3 1     798.000    727.183      2.626
  3 2     648.000    710.884     -2.359
  3 3     856.000    856.001     -0.000
  3 4    1676.000   1682.775     -0.165
  3 5     108.000    109.162     -0.111
  4 1     756.000    826.922     -2.466
  4 2     914.000    808.388      3.715
  4 3     771.000    805.711     -1.223
  4 4    3325.000   3324.990      0.000
  4 5     237.000    236.996      0.000
  5 1     409.000    408.890      0.005
  5 2     357.000    399.726     -2.137
  5 3     441.000    398.402      2.134
  5 4    1611.000   1610.994      0.000
  5 5    1832.000   1831.965      0.001



*** LOG-LINEAR PARAMETERS ***

* TABLE AB [or P(AB)] *

  effect           beta  std err  z-value   exp(beta)     Wald  df  prob
  main           5.9099                      368.6795 
  A 
   1            -0.4735   0.0293  -16.189      0.6228 
   2            -0.4534   0.0290  -15.612      0.6354 
   3             0.4581   0.0196   23.404      1.5810 
   4             0.5866   0.0228   25.679      1.7978 
   5            -0.1177                        0.8890  1341.40   4 0.000
  B 
   1             0.2212   0.0257    8.617      1.2476 
   2             0.1985   0.0258    7.693      1.2196 
   3             0.1952   0.0267    7.312      1.2156 
   4             1.0602   0.0246   43.158      2.8870 
   5            -1.6751                        0.1873  1947.98   4 0.000
  fac(AB)
   1             1.5966   0.0515   30.974      4.9362 
   2             0.6065   0.0620    9.775      1.8340 
   3             0.1891   0.0485    3.901      1.2081 
   4             0.5525   0.0395   13.977      1.7376 
   5             3.3960   0.0836   40.603     29.8457 
   6             0.6208   0.0623    9.966      1.8605 
   7             0.9071   0.0575   15.765      2.4771 
   8             0.6467   0.1012    6.387      1.9092 
   9             0.5321   0.0480   11.093      1.7026  4944.91   9 0.000



*** (CONDITIONAL) PROBABILITIES ***

* P(AB) *

  1 1            0.0710  (0.0018)
  1 2            0.0262  (0.0011)
  1 3            0.0140  (0.0006)
  1 4            0.0333  (0.0011)
  1 5            0.0022  (0.0002)
  2 1            0.0364  (0.0013)
  2 2            0.0263  (0.0011)
  2 3            0.0143  (0.0006)
  2 4            0.0340  (0.0011)
  2 5            0.0022  (0.0002)
  3 1            0.0365  (0.0010)
  3 2            0.0357  (0.0010)
  3 3            0.0430  (0.0014)
  3 4            0.0845  (0.0018)
  3 5            0.0055  (0.0004)
  4 1            0.0415  (0.0011)
  4 2            0.0406  (0.0011)
  4 3            0.0405  (0.0011)
  4 4            0.1670  (0.0026)
  4 5            0.0119  (0.0008)
  5 1            0.0205  (0.0007)
  5 2            0.0201  (0.0007)
  5 3            0.0200  (0.0007)
  5 4            0.0809  (0.0019)
  5 5            0.0920  (0.0020)


