LEM: log-linear and event history analysis with missing data.
Developed by Jeroen Vermunt (c), Tilburg University, The Netherlands.
Version 1.0 (September 18, 1997).


*** INPUT ***

  
man 2

dim 5 5
lab A B
mod {fac(A,B,4) fac(AB,10)}

des [1 2 3 4 0 
                1 2 3 4 0
                0  1  5  8 10
                1  0  2  6  9
                5  2  0  3  7
                8  6  3  0  4
               10  9  7  4  0]


dat [1414 521 302 643 40 724 524 254 703 48 798 648 856 1676 108 756 914 771 3325 237 409 357 441 1611 1832]

see 123



*** STATISTICS ***

  Number of iterations = 43
  Converge criterion   = 0.0000007720

  X-squared            = 2562.8093 (0.0000)
  L-squared            = 2804.8730 (0.0000)
  Cressie-Read         = 2611.2637 (0.0000)
  Dissimilarity index  = 0.1182
  Degrees of freedom   = 10
  Log-likelihood       = -58930.62027
  Number of parameters = 14 (+1)
  Sample size          = 19912.0
  BIC(L-squared)       = 2705.8822
  AIC(L-squared)       = 2784.8730
  BIC(log-likelihood)  = 117999.8276
  AIC(log-likelihood)  = 117889.2405

  Eigenvalues information matrix
   13885.0262  8571.4761  6791.9003  2826.0243  1608.9294  1284.2608
    1260.3916  1074.4322   803.5362   727.0662   455.6648   394.7141
     368.0379   254.0056




*** FREQUENCIES ***

  A B     observed  estimated  std. res.
  1 1    1414.000   1414.007     -0.000
  1 2     521.000    622.495     -4.068
  1 3     302.000    549.996    -10.575
  1 4     643.000    699.495     -2.136
  1 5      40.000    224.498    -12.314
  2 1     724.000    622.495      4.068
  2 2     524.000    524.014     -0.001
  2 3     254.000    450.997     -9.276
  2 4     703.000    808.494     -3.710
  2 5      48.000    202.498    -10.857
  3 1     798.000    549.996     10.575
  3 2     648.000    450.997      9.277
  3 3     856.000    856.014     -0.000
  3 4    1676.000   1223.491     12.937
  3 5     108.000    274.498    -10.049
  4 1     756.000    699.495      2.136
  4 2     914.000    808.494      3.711
  4 3     771.000   1223.491    -12.936
  4 4    3325.000   3325.008     -0.000
  4 5     237.000    923.993    -22.600
  5 1     409.000    224.498     12.314
  5 2     357.000    202.498     10.857
  5 3     441.000    274.498     10.050
  5 4    1611.000    923.993     22.601
  5 5    1832.000   1832.049     -0.001



*** LOG-LINEAR PARAMETERS ***

* TABLE AB [or P(AB)] *

  effect           beta  std err  z-value   exp(beta)     Wald  df  prob
  main           7.5132                    1.83E+0003 
  fac(A,B)
   1            -0.1295   0.0177   -7.318      0.8785 
   2            -0.6258   0.0248  -25.269      0.5348 
   3            -0.3805   0.0207  -18.381      0.6836 
   4             0.2980   0.0145   20.486      1.3472  2581.13   4 0.000
  fac(AB)
   1            -0.3241   0.0382   -8.492      0.7232 
   2            -0.3954   0.0433   -9.126      0.6734 
   3            -0.3213   0.0279  -11.536      0.7252 
   4            -0.9825   0.0274  -35.812      0.3744 
   5            -0.6933   0.0371  -18.679      0.4999 
   6            -0.4902   0.0342  -14.328      0.6125 
   7            -1.5178   0.0474  -32.000      0.2192 
   8            -1.1313   0.0311  -36.389      0.3226 
   9            -1.5766   0.0555  -28.399      0.2067 
   10           -1.9698   0.0504  -39.084      0.1395  4839.51  10 0.000



*** (CONDITIONAL) PROBABILITIES ***

* P(AB) *

  1 1            0.0710  (0.0018)
  1 2            0.0313  (0.0009)
  1 3            0.0276  (0.0008)
  1 4            0.0351  (0.0009)
  1 5            0.0113  (0.0005)
  2 1            0.0313  (0.0009)
  2 2            0.0263  (0.0011)
  2 3            0.0226  (0.0007)
  2 4            0.0406  (0.0010)
  2 5            0.0102  (0.0005)
  3 1            0.0276  (0.0008)
  3 2            0.0226  (0.0007)
  3 3            0.0430  (0.0014)
  3 4            0.0614  (0.0012)
  3 5            0.0138  (0.0006)
  4 1            0.0351  (0.0009)
  4 2            0.0406  (0.0010)
  4 3            0.0614  (0.0012)
  4 4            0.1670  (0.0026)
  4 5            0.0464  (0.0010)
  5 1            0.0113  (0.0005)
  5 2            0.0102  (0.0005)
  5 3            0.0138  (0.0006)
  5 4            0.0464  (0.0010)
  5 5            0.0920  (0.0020)


