LEM: log-linear and event history analysis with missing data.
Developed by Jeroen Vermunt (c), Tilburg University, The Netherlands.
Version 1.0 (September 18, 1997).


*** INPUT ***

  
man 2

dim 5 5
lab A B
mod {A B fac(AB,5)}

des [1 0 0 0 0
                0 2 0 0 0
                0 0 3 0 0
                0 0 0 4 0
                0 0 0 0 5]


dat [1414 521 302 643 40 724 524 254 703 48 798 648 856 1676 108 756 914 771 3325 237 409 357 441 1611 1832]

see 123



*** STATISTICS ***

  Number of iterations = 48
  Converge criterion   = 0.0000007338

  X-squared            = 720.7390 (0.0000)
  L-squared            = 683.3418 (0.0000)
  Cressie-Read         = 705.9934 (0.0000)
  Dissimilarity index  = 0.0552
  Degrees of freedom   = 11
  Log-likelihood       = -57869.85468
  Number of parameters = 13 (+1)
  Sample size          = 19912.0
  BIC(L-squared)       = 574.4519
  AIC(L-squared)       = 661.3418
  BIC(log-likelihood)  = 115868.3974
  AIC(log-likelihood)  = 115765.7094

  Eigenvalues information matrix
   28377.2878  8619.3352  8234.3003  5107.4945  4261.9615  3313.8294
    2703.0237  2383.9333   892.4280   418.5135   385.0269   300.9308
     272.8331




*** FREQUENCIES ***

  A B     observed  estimated  std. res.
  1 1    1414.000   1414.000      0.000
  1 2     521.000    344.009      9.543
  1 3     302.000    285.541      0.974
  1 4     643.000    811.490     -5.915
  1 5      40.000     64.964     -3.097
  2 1     724.000    419.434     14.871
  2 2     524.000    524.000     -0.000
  2 3     254.000    321.805     -3.780
  2 4     703.000    914.549     -6.995
  2 5      48.000     73.215     -2.947
  3 1     798.000    754.793      1.573
  3 2     648.000    697.682     -1.881
  3 3     856.000    856.000     -0.000
  3 4    1676.000   1645.777      0.745
  3 5     108.000    131.754     -2.069
  4 1     756.000    934.364     -5.835
  4 2     914.000    863.666      1.713
  4 3     771.000    716.878      2.021
  4 4    3325.000   3325.003     -0.000
  4 5     237.000    163.099      5.787
  5 1     409.000    578.409     -7.044
  5 2     357.000    534.644     -7.683
  5 3     441.000    443.776     -0.132
  5 4    1611.000   1261.182      9.850
  5 5    1832.000   1831.968      0.001



*** LOG-LINEAR PARAMETERS ***

* TABLE AB [or P(AB)] *

  effect           beta  std err  z-value   exp(beta)     Wald  df  prob
  main           6.0950                      443.6535 
  A 
   1            -0.4376   0.0226  -19.338      0.6456 
   2            -0.3181   0.0214  -14.845      0.7276 
   3             0.2695   0.0172   15.655      1.3093 
   4             0.4829   0.0197   24.565      1.6208 
   5             0.0033                        1.0033  1109.68   4 0.000
  B 
   1             0.2619   0.0198   13.245      1.2994 
   2             0.1832   0.0204    8.992      1.2011 
   3            -0.0030   0.0229   -0.133      0.9970 
   4             1.0414   0.0183   56.768      2.8333 
   5            -1.4836                        0.2268  3355.09   4 0.000
  fac(AB)
   1             1.3348   0.0434   30.743      3.7993 
   2             0.3013   0.0551    5.466      1.3516 
   3             0.3908   0.0470    8.323      1.4781 
   4             0.4898   0.0333   14.712      1.6320 
   5             2.8984   0.0577   50.199     18.1446  4603.64   5 0.000



*** (CONDITIONAL) PROBABILITIES ***

* P(AB) *

  1 1            0.0710  (0.0018)
  1 2            0.0173  (0.0005)
  1 3            0.0143  (0.0005)
  1 4            0.0408  (0.0011)
  1 5            0.0033  (0.0002)
  2 1            0.0211  (0.0006)
  2 2            0.0263  (0.0011)
  2 3            0.0162  (0.0005)
  2 4            0.0459  (0.0012)
  2 5            0.0037  (0.0002)
  3 1            0.0379  (0.0009)
  3 2            0.0350  (0.0009)
  3 3            0.0430  (0.0014)
  3 4            0.0827  (0.0016)
  3 5            0.0066  (0.0003)
  4 1            0.0469  (0.0011)
  4 2            0.0434  (0.0011)
  4 3            0.0360  (0.0010)
  4 4            0.1670  (0.0026)
  4 5            0.0082  (0.0004)
  5 1            0.0290  (0.0007)
  5 2            0.0269  (0.0007)
  5 3            0.0223  (0.0006)
  5 4            0.0633  (0.0013)
  5 5            0.0920  (0.0020)


