LEM: log-linear and event history analysis with missing data.
Developed by Jeroen Vermunt (c), Tilburg University, The Netherlands.
Version 1.0 (September 18, 1997).


*** INPUT ***

  
man 2

dim 5 5
lab A B
mod {A B fac(AB,1)}

des [1 0 0 0 0
                0 1 0 0 0
                0 0 1 0 0
                0 0 0 1 0
                0 0 0 0 1]


dat [1414 521 302 643 40 724 524 254 703 48 798 648 856 1676 108 756 914 771 3325 237 409 357 441 1611 1832]

see 123



*** STATISTICS ***

  Number of iterations = 15
  Converge criterion   = 0.0000007664

  X-squared            = 2460.7911 (0.0000)
  L-squared            = 2567.6581 (0.0000)
  Cressie-Read         = 2473.8461 (0.0000)
  Dissimilarity index  = 0.1359
  Degrees of freedom   = 15
  Log-likelihood       = -58812.01283
  Number of parameters = 9 (+1)
  Sample size          = 19912.0
  BIC(L-squared)       = 2419.1719
  AIC(L-squared)       = 2537.6581
  BIC(log-likelihood)  = 117713.1174
  AIC(log-likelihood)  = 117642.0257

  Eigenvalues information matrix
   23825.8222 11664.3200  7498.9366  4726.7104  3875.0058  3641.5304
    3227.8281  2361.3245  2148.7013




*** FREQUENCIES ***

  A B     observed  estimated  std. res.
  1 1    1414.000   1249.903      4.642
  1 2     521.000    355.964      8.747
  1 3     302.000    274.984      1.629
  1 4     643.000    812.334     -5.941
  1 5      40.000    226.817    -12.404
  2 1     724.000    393.999     16.625
  2 2     524.000    772.257     -8.933
  2 3     254.000    227.402      1.764
  2 4     703.000    671.773      1.205
  2 5      48.000    187.570    -10.191
  3 1     798.000    750.778      1.723
  3 2     648.000    560.931      3.676
  3 3     856.000   1136.787     -8.328
  3 4    1676.000   1280.084     11.066
  3 5     108.000    357.420    -13.193
  4 1     756.000    825.344     -2.414
  4 2     914.000    616.642     11.975
  4 3     771.000    476.359     13.500
  4 4    3325.000   3691.736     -6.036
  4 5     237.000    392.919     -7.866
  5 1     409.000    880.976    -15.902
  5 2     357.000    658.207    -11.740
  5 3     441.000    508.468     -2.992
  5 4    1611.000   1502.074      2.811
  5 5    1832.000   1100.274     22.060



*** LOG-LINEAR PARAMETERS ***

* TABLE AB [or P(AB)] *

  effect           beta  std err  z-value   exp(beta)     Wald  df  prob
  main           6.2422                      513.9740 
  A 
   1            -0.2858   0.0166  -17.175      0.7514 
   2            -0.4758   0.0183  -25.984      0.6214 
   3             0.1690   0.0147   11.486      1.1841 
   4             0.2637   0.0135   19.493      1.3017 
   5             0.3289                        1.3894  1527.02   4 0.000
  B 
   1             0.2100   0.0148   14.140      1.2336 
   2            -0.0816   0.0167   -4.896      0.9217 
   3            -0.3397   0.0175  -19.443      0.7120 
   4             0.7435   0.0122   60.914      2.1033 
   5            -0.5322                        0.5873  4201.87   4 0.000
  fac(AB)
   1             0.9645   0.0155   62.221      2.6234  3871.50   1 0.000



*** (CONDITIONAL) PROBABILITIES ***

* P(AB) *

  1 1            0.0628  (0.0014)
  1 2            0.0179  (0.0005)
  1 3            0.0138  (0.0004)
  1 4            0.0408  (0.0009)
  1 5            0.0114  (0.0003)
  2 1            0.0198  (0.0005)
  2 2            0.0388  (0.0010)
  2 3            0.0114  (0.0003)
  2 4            0.0337  (0.0008)
  2 5            0.0094  (0.0003)
  3 1            0.0377  (0.0008)
  3 2            0.0282  (0.0006)
  3 3            0.0571  (0.0013)
  3 4            0.0643  (0.0012)
  3 5            0.0179  (0.0005)
  4 1            0.0414  (0.0009)
  4 2            0.0310  (0.0007)
  4 3            0.0239  (0.0006)
  4 4            0.1854  (0.0025)
  4 5            0.0197  (0.0005)
  5 1            0.0442  (0.0009)
  5 2            0.0331  (0.0007)
  5 3            0.0255  (0.0006)
  5 4            0.0754  (0.0013)
  5 5            0.0553  (0.0013)


