LEM: log-linear and event history analysis with missing data.
Developed by Jeroen Vermunt (c), Tilburg University, The Netherlands.
Version 1.0 (September 18, 1997).


*** INPUT ***

  
man 2

dim 5 5
lab A B
mod {A B fac(AB,3)}

des [1 2 0 0 0
                3 1 2 0 0
                0 3 1 2 0
                0 0 3 1 2
                0 0 0 3 1]


dat [1414 521 302 643 40 724 524 254 703 48 798 648 856 1676 108 756 914 771 3325 237 409 357 441 1611 1832]

see 123



*** STATISTICS ***

  Number of iterations = 36
  Converge criterion   = 0.0000008463

  X-squared            = 1902.6102 (0.0000)
  L-squared            = 1952.9622 (0.0000)
  Cressie-Read         = 1904.8791 (0.0000)
  Dissimilarity index  = 0.1130
  Degrees of freedom   = 13
  Log-likelihood       = -58504.66488
  Number of parameters = 11 (+1)
  Sample size          = 19912.0
  BIC(L-squared)       = 1824.2742
  AIC(L-squared)       = 1926.9622
  BIC(log-likelihood)  = 117118.2196
  AIC(log-likelihood)  = 117031.3298

  Eigenvalues information matrix
   24090.7368 12175.1721  7596.8722  5863.9731  3892.8184  3743.5768
    3188.6693  2516.6715  2307.6095  1985.7873   980.1923




*** FREQUENCIES ***

  A B     observed  estimated  std. res.
  1 1    1414.000   1414.919     -0.024
  1 2     521.000    463.565      2.668
  1 3     302.000    225.164      5.121
  1 4     643.000    624.924      0.723
  1 5      40.000    191.431    -10.945
  2 1     724.000    561.760      6.845
  2 2     524.000    765.899     -8.741
  2 3     254.000    280.521     -1.583
  2 4     703.000    493.614      9.424
  2 5      48.000    151.207     -8.393
  3 1     798.000    617.847      7.248
  3 2     648.000    702.150     -2.044
  3 3     856.000   1070.201     -6.548
  3 4    1676.000   1420.017      6.793
  3 5     108.000    275.784    -10.103
  4 1     756.000    744.103      0.436
  4 2     914.000    509.933     17.894
  4 3     771.000    647.854      4.838
  4 4    3325.000   3577.230     -4.217
  4 5     237.000    523.877    -12.534
  5 1     409.000    762.371    -12.798
  5 2     357.000    522.452     -7.239
  5 3     441.000    400.260      2.036
  5 4    1611.000   1842.214     -5.387
  5 5    1832.000   1122.701     21.169



*** LOG-LINEAR PARAMETERS ***

* TABLE AB [or P(AB)] *

  effect           beta  std err  z-value   exp(beta)     Wald  df  prob
  main           6.0218                      412.3128 
  A 
   1            -0.2511   0.0173  -14.499      0.7779 
   2            -0.4870   0.0184  -26.511      0.6145 
   3             0.1140   0.0154    7.416      1.1207 
   4             0.2999   0.0135   22.203      1.3498 
   5             0.3242                        1.3829  1373.87   4 0.000
  B 
   1             0.2905   0.0158   18.430      1.3371 
   2            -0.0874   0.0167   -5.229      0.9163 
   3            -0.3538   0.0176  -20.115      0.7020 
   4             0.6670   0.0126   53.117      1.9483 
   5            -0.5162                        0.5968  3721.76   4 0.000
  fac(AB)
   1             1.1937   0.0187   63.907      3.2992 
   2             0.4557   0.0267   17.075      1.5773 
   3             0.5058   0.0225   22.494      1.6583  4330.22   3 0.000



*** (CONDITIONAL) PROBABILITIES ***

* P(AB) *

  1 1            0.0711  (0.0016)
  1 2            0.0233  (0.0007)
  1 3            0.0113  (0.0003)
  1 4            0.0314  (0.0008)
  1 5            0.0096  (0.0003)
  2 1            0.0282  (0.0008)
  2 2            0.0385  (0.0010)
  2 3            0.0141  (0.0005)
  2 4            0.0248  (0.0007)
  2 5            0.0076  (0.0003)
  3 1            0.0310  (0.0007)
  3 2            0.0353  (0.0010)
  3 3            0.0537  (0.0013)
  3 4            0.0713  (0.0016)
  3 5            0.0139  (0.0004)
  4 1            0.0374  (0.0008)
  4 2            0.0256  (0.0006)
  4 3            0.0325  (0.0009)
  4 4            0.1797  (0.0025)
  4 5            0.0263  (0.0008)
  5 1            0.0383  (0.0009)
  5 2            0.0262  (0.0007)
  5 3            0.0201  (0.0005)
  5 4            0.0925  (0.0018)
  5 5            0.0564  (0.0013)


