LEM: log-linear and event history analysis with missing data.
Developed by Jeroen Vermunt (c), Tilburg University, The Netherlands.
Version 1.0 (September 18, 1997).


*** INPUT ***

  
man 2

dim 5 5
lab A B
mod {A B fac(AB,2)}

des [1 2 0 0 0
                2 1 2 0 0
                0 2 1 2 0
                0 0 2 1 2
                0 0 0 2 1]


dat [1414 521 302 643 40 724 524 254 703 48 798 648 856 1676 108 756 914 771 3325 237 409 357 441 1611 1832]

see 123



*** STATISTICS ***

  Number of iterations = 36
  Converge criterion   = 0.0000007232

  X-squared            = 1905.6751 (0.0000)
  L-squared            = 1955.9659 (0.0000)
  Cressie-Read         = 1908.0096 (0.0000)
  Dissimilarity index  = 0.1121
  Degrees of freedom   = 14
  Log-likelihood       = -58506.16675
  Number of parameters = 10 (+1)
  Sample size          = 19912.0
  BIC(L-squared)       = 1817.3788
  AIC(L-squared)       = 1927.9659
  BIC(log-likelihood)  = 117111.3243
  AIC(log-likelihood)  = 117032.3335

  Eigenvalues information matrix
   23845.4000 11933.7096  7897.9898  6820.1081  3893.9977  3573.0681
    3155.3165  2355.2212  2239.2968  1614.1461




*** FREQUENCIES ***

  A B     observed  estimated  std. res.
  1 1    1414.000   1414.267     -0.007
  1 2     521.000    474.886      2.116
  1 3     302.000    224.139      5.201
  1 4     643.000    618.897      0.969
  1 5      40.000    187.814    -10.786
  2 1     724.000    552.999      7.272
  2 2     524.000    768.301     -8.814
  2 3     254.000    290.069     -2.118
  2 4     703.000    492.250      9.499
  2 5      48.000    149.381     -8.295
  3 1     798.000    615.028      7.378
  3 2     648.000    683.508     -1.358
  3 3     856.000   1067.734     -6.480
  3 4    1676.000   1449.406      5.952
  3 5     108.000    270.323     -9.873
  4 1     756.000    746.144      0.361
  4 2     914.000    509.630     17.912
  4 3     771.000    636.820      5.317
  4 4    3325.000   3576.787     -4.210
  4 5     237.000    533.616    -12.840
  5 1     409.000    772.562    -13.080
  5 2     357.000    527.674     -7.430
  5 3     441.000    405.238      1.776
  5 4    1611.000   1820.660     -4.914
  5 5    1832.000   1123.865     21.123



*** LOG-LINEAR PARAMETERS ***

* TABLE AB [or P(AB)] *

  effect           beta  std err  z-value   exp(beta)     Wald  df  prob
  main           6.0189                      411.1072 
  A 
   1            -0.2570   0.0170  -15.126      0.7734 
   2            -0.4859   0.0184  -26.464      0.6151 
   3             0.1072   0.0149    7.208      1.1132 
   4             0.3004   0.0135   22.246      1.3505 
   5             0.3352                        1.3983  1452.98   4 0.000
  B 
   1             0.2956   0.0155   19.078      1.3440 
   2            -0.0856   0.0167   -5.131      0.9179 
   3            -0.3496   0.0174  -20.071      0.7050 
   4             0.6661   0.0125   53.074      1.9465 
   5            -0.5264                        0.5907  3760.79   4 0.000
  fac(AB)
   1             1.1969   0.0186   64.300      3.3097 
   2             0.4868   0.0197   24.712      1.6271  4320.94   2 0.000



*** (CONDITIONAL) PROBABILITIES ***

* P(AB) *

  1 1            0.0710  (0.0016)
  1 2            0.0238  (0.0007)
  1 3            0.0113  (0.0003)
  1 4            0.0311  (0.0008)
  1 5            0.0094  (0.0003)
  2 1            0.0278  (0.0008)
  2 2            0.0386  (0.0010)
  2 3            0.0146  (0.0004)
  2 4            0.0247  (0.0007)
  2 5            0.0075  (0.0002)
  3 1            0.0309  (0.0007)
  3 2            0.0343  (0.0008)
  3 3            0.0536  (0.0013)
  3 4            0.0728  (0.0013)
  3 5            0.0136  (0.0004)
  4 1            0.0375  (0.0008)
  4 2            0.0256  (0.0006)
  4 3            0.0320  (0.0008)
  4 4            0.1796  (0.0025)
  4 5            0.0268  (0.0008)
  5 1            0.0388  (0.0008)
  5 2            0.0265  (0.0006)
  5 3            0.0204  (0.0005)
  5 4            0.0914  (0.0016)
  5 5            0.0564  (0.0013)


