LEM: log-linear and event history analysis with missing data.
Developed by Jeroen Vermunt (c), Tilburg University, The Netherlands.
Version 1.0 (September 18, 1997).


*** INPUT ***

  
man 2

dim 5 5
lab A B
mod {A B fac(AB,9)}

des [1 6 0 0 0
                6 2 7 0 0
                0 7 3 8 0
                0 0 8 4 9
                0 0 0 9 5]


dat [1414 521 302 643 40 724 524 254 703 48 798 648 856 1676 108 756 914 771 3325 237 409 357 441 1611 1832]

see 123



*** STATISTICS ***

  Number of iterations = 254
  Converge criterion   = 0.0000009892

  X-squared            = 33.5161 (0.0000)
  L-squared            = 33.6259 (0.0000)
  Cressie-Read         = 33.5488 (0.0000)
  Dissimilarity index  = 0.0130
  Degrees of freedom   = 7
  Log-likelihood       = -57544.99672
  Number of parameters = 17 (+1)
  Sample size          = 19912.0
  BIC(L-squared)       = -35.6677
  AIC(L-squared)       = 19.6259
  BIC(log-likelihood)  = 115258.2778
  AIC(log-likelihood)  = 115123.9934

  Eigenvalues information matrix
   28645.9542  9606.0832  8277.5352  5644.7209  4178.5025  3513.5570
    2630.6513  2524.1858  1816.4411  1283.0366  1086.9193   762.9176
     488.9938   331.6871   206.6287    96.2521    28.7604




*** FREQUENCIES ***

  A B     observed  estimated  std. res.
  1 1    1414.000   1413.988      0.000
  1 2     521.000    570.382     -2.068
  1 3     302.000    287.290      0.868
  1 4     643.000    609.571      1.354
  1 5      40.000     38.761      0.199
  2 1     724.000    674.606      1.902
  2 2     524.000    523.994      0.000
  2 3     254.000    265.914     -0.731
  2 4     703.000    741.342     -1.408
  2 5      48.000     47.140      0.125
  3 1     798.000    812.788     -0.519
  3 2     648.000    636.083      0.472
  3 3     856.000    856.004     -0.000
  3 4    1676.000   1657.879      0.445
  3 5     108.000    123.245     -1.373
  4 1     756.000    820.885     -2.265
  4 2     914.000    844.097      2.406
  4 3     771.000    789.140     -0.646
  4 4    3325.000   3325.037     -0.001
  4 5     237.000    223.846      0.879
  5 1     409.000    378.733      1.555
  5 2     357.000    389.443     -1.644
  5 3     441.000    425.651      0.744
  5 4    1611.000   1624.169     -0.327
  5 5    1832.000   1832.009     -0.000



*** LOG-LINEAR PARAMETERS ***

* TABLE AB [or P(AB)] *

  effect           beta  std err  z-value   exp(beta)     Wald  df  prob
  main           5.9516                      384.3856 
  A 
   1            -0.5825   0.0398  -14.638      0.5585 
   2            -0.3867   0.0439   -8.809      0.6793 
   3             0.5743   0.0336   17.085      1.7759 
   4             0.5842   0.0398   14.668      1.7936 
   5            -0.1893                        0.8275   454.48   4 0.000
  B 
   1             0.1745   0.0345    5.052      1.1907 
   2             0.2024   0.0404    5.005      1.2243 
   3             0.2913   0.0342    8.517      1.3382 
   4             1.0436   0.0409   25.512      2.8393 
   5            -1.7118                        0.1805  2422.74   4 0.000
  fac(AB)
   1             1.7105   0.0737   23.210      5.5315 
   2             0.4942   0.0925    5.343      1.6392 
   3            -0.0650   0.0735   -0.884      0.9371 
   4             0.5298   0.0790    6.710      1.6986 
   5             3.4626   0.0781   44.317     31.9008 
   6             0.7747   0.0736   10.523      2.1700 
   7            -0.2730   0.0554   -4.929      0.7611 
   8            -0.1562   0.0634   -2.463      0.8554 
   9             0.5869   0.0649    9.038      1.7983  4907.93   9 0.000



*** (CONDITIONAL) PROBABILITIES ***

* P(AB) *

  1 1            0.0710  (0.0018)
  1 2            0.0286  (0.0010)
  1 3            0.0144  (0.0006)
  1 4            0.0306  (0.0010)
  1 5            0.0019  (0.0001)
  2 1            0.0339  (0.0011)
  2 2            0.0263  (0.0011)
  2 3            0.0134  (0.0006)
  2 4            0.0372  (0.0011)
  2 5            0.0024  (0.0002)
  3 1            0.0408  (0.0013)
  3 2            0.0319  (0.0011)
  3 3            0.0430  (0.0014)
  3 4            0.0833  (0.0018)
  3 5            0.0062  (0.0004)
  4 1            0.0412  (0.0012)
  4 2            0.0424  (0.0012)
  4 3            0.0396  (0.0012)
  4 4            0.1670  (0.0026)
  4 5            0.0112  (0.0006)
  5 1            0.0190  (0.0007)
  5 2            0.0196  (0.0007)
  5 3            0.0214  (0.0009)
  5 4            0.0816  (0.0019)
  5 5            0.0920  (0.0020)


