LEM: log-linear and event history analysis with missing data.
Developed by Jeroen Vermunt (c), Tilburg University, The Netherlands.
Version 1.0 (September 18, 1997).


*** INPUT ***

  
man 2

dim 5 5
lab A B
mod {A B fac(AB,10)}

des [0  1  5  8 10
                1  0  2  6  9
                5  2  0  3  7
                8  6  3  0  4
               10  9  7  4  0]


dat [1414 521 302 643 40 724 524 254 703 48 798 648 856 1676 108 756 914 771 3325 237 409 357 441 1611 1832]

see 123



*** STATISTICS ***

  Number of iterations = 35
  Converge criterion   = 0.0000007401

  X-squared            = 27.3507 (0.0001)
  L-squared            = 27.4479 (0.0001)
  Cressie-Read         = 27.3799 (0.0001)
  Dissimilarity index  = 0.0113
  Degrees of freedom   = 6
  Log-likelihood       = -57541.90776
  Number of parameters = 18 (+1)
  Sample size          = 19912.0
  BIC(L-squared)       = -31.9465
  AIC(L-squared)       = 15.4479
  BIC(log-likelihood)  = 115261.9989
  AIC(log-likelihood)  = 115119.8155

  Eigenvalues information matrix
   27582.2961  8949.3282  6901.5159  5313.5572  4126.2180  3610.1117
    2576.5452  2538.3025  1541.8467  1271.8322  1182.3331   946.6162
     755.3966   630.9337   428.0143   381.4439   303.2533   202.0249




*** FREQUENCIES ***

  A B     observed  estimated  std. res.
  1 1    1414.000   1413.993      0.000
  1 2     521.000    575.882     -2.287
  1 3     302.000    289.057      0.761
  1 4     643.000    599.012      1.797
  1 5      40.000     42.058     -0.317
  2 1     724.000    669.124      2.121
  2 2     524.000    523.989      0.000
  2 3     254.000    264.166     -0.625
  2 4     703.000    752.302     -1.798
  2 5      48.000     43.421      0.695
  3 1     798.000    810.946     -0.455
  3 2     648.000    637.840      0.402
  3 3     856.000    855.991      0.000
  3 4    1676.000   1657.823      0.446
  3 5     108.000    123.403     -1.387
  4 1     756.000    799.990     -1.555
  4 2     914.000    864.705      1.676
  4 3     771.000    789.185     -0.647
  4 4    3325.000   3324.985      0.000
  4 5     237.000    224.138      0.859
  5 1     409.000    406.946      0.102
  5 2     357.000    361.584     -0.241
  5 3     441.000    425.601      0.746
  5 4    1611.000   1623.878     -0.320
  5 5    1832.000   1831.980      0.000



*** LOG-LINEAR PARAMETERS ***

* TABLE AB [or P(AB)] *

  effect           beta  std err  z-value   exp(beta)     Wald  df  prob
  main           7.1781                    1.31E+0003 
  A 
   1            -0.3360   0.0187  -17.972      0.7146 
   2            -0.7573   0.0229  -33.078      0.4689 
   3            -0.0712   0.0198   -3.595      0.9313 
   4             0.2362   0.0144   16.422      1.2664 
   5             0.9283                        2.5302  2332.92   4 0.000
  B 
   1             0.4121   0.0187   22.043      1.5100 
   2            -0.1593   0.0229   -6.956      0.8528 
   3            -0.3546   0.0198  -17.915      0.7014 
   4             0.6950   0.0144   48.321      2.0037 
   5            -0.5932                        0.5526  3180.59   4 0.000
  fac(AB)
   1            -0.3269   0.0382   -8.557      0.7212 
   2            -0.4895   0.0442  -11.081      0.6129 
   3            -0.3886   0.0285  -13.633      0.6780 
   4            -1.4088   0.0341  -41.287      0.2444 
   5            -0.8208   0.0384  -21.371      0.4401 
   6            -0.4926   0.0342  -14.387      0.6110 
   7            -1.6982   0.0500  -33.986      0.1830 
   8            -1.1418   0.0312  -36.585      0.3193 
   9            -2.0566   0.0603  -34.089      0.1279 
   10           -2.5098   0.0561  -44.766      0.0813  4925.69  10 0.000



*** (CONDITIONAL) PROBABILITIES ***

* P(AB) *

  1 1            0.0710  (0.0018)
  1 2            0.0289  (0.0010)
  1 3            0.0145  (0.0006)
  1 4            0.0301  (0.0010)
  1 5            0.0021  (0.0002)
  2 1            0.0336  (0.0011)
  2 2            0.0263  (0.0011)
  2 3            0.0133  (0.0006)
  2 4            0.0378  (0.0012)
  2 5            0.0022  (0.0002)
  3 1            0.0407  (0.0013)
  3 2            0.0320  (0.0011)
  3 3            0.0430  (0.0014)
  3 4            0.0833  (0.0018)
  3 5            0.0062  (0.0004)
  4 1            0.0402  (0.0012)
  4 2            0.0434  (0.0013)
  4 3            0.0396  (0.0012)
  4 4            0.1670  (0.0026)
  4 5            0.0113  (0.0006)
  5 1            0.0204  (0.0010)
  5 2            0.0182  (0.0009)
  5 3            0.0214  (0.0009)
  5 4            0.0816  (0.0019)
  5 5            0.0920  (0.0020)


