LEM: log-linear and event history analysis with missing data.
Developed by Jeroen Vermunt (c), Tilburg University, The Netherlands.
Version 1.0 (September 18, 1997).


*** INPUT ***

  
man 2

dim 5 5
lab A B
mod {A B}




dat [1414 521 302 643 40 724 524 254 703 48 798 648 856 1676 108 756 914 771 3325 237 409 357 441 1611 1832]

see 123



*** STATISTICS ***

  Number of iterations = 2
  Converge criterion   = 0.0000000000

  X-squared            = 7166.7710 (0.0000)
  L-squared            = 6170.1301 (0.0000)
  Cressie-Read         = 6674.7163 (0.0000)
  Dissimilarity index  = 0.2007
  Degrees of freedom   = 16
  Log-likelihood       = -60613.24886
  Number of parameters = 8 (+1)
  Sample size          = 19912.0
  BIC(L-squared)       = 6011.7449
  AIC(L-squared)       = 6138.1301
  BIC(log-likelihood)  = 121305.6903
  AIC(log-likelihood)  = 121242.4977

  Eigenvalues information matrix
   22425.3380 12748.5000  5881.6119  5043.3734  3488.4101  3383.8650
    2760.2372  2462.6000




*** FREQUENCIES ***

  A B     observed  estimated  std. res.
  1 1    1414.000    601.392     33.136
  1 2     521.000    434.656      4.141
  1 3     302.000    384.797     -4.221
  1 4     643.000   1167.003    -15.339
  1 5      40.000    332.151    -16.030
  2 1     724.000    464.019     12.069
  2 2     524.000    335.370     10.300
  2 3     254.000    296.900     -2.490
  2 4     703.000    900.431     -6.579
  2 5      48.000    256.280    -13.010
  3 1     798.000    841.537     -1.501
  3 2     648.000    608.221      1.613
  3 3     856.000    538.452     13.685
  3 4    1676.000   1633.005      1.064
  3 5     108.000    464.785    -16.549
  4 1     756.000   1236.355    -13.661
  4 2     914.000    893.576      0.683
  4 3     771.000    791.074     -0.714
  4 4    3325.000   2399.150     18.902
  4 5     237.000    682.844    -17.062
  5 1     409.000    957.696    -17.730
  5 2     357.000    692.176    -12.740
  5 3     441.000    612.776     -6.939
  5 4    1611.000   1858.412     -5.739
  5 5    1832.000    528.940     56.658



*** LOG-LINEAR PARAMETERS ***

* TABLE AB [or P(AB)] *

  effect           beta  std err  z-value   exp(beta)     Wald  df  prob
  main           6.5114                      672.7576 
  A 
   1            -0.2525   0.0162  -15.603      0.7768 
   2            -0.5118   0.0180  -28.490      0.5994 
   3             0.0835   0.0143    5.853      1.0870 
   4             0.4682   0.0125   37.430      1.5970 
   5             0.2128                        1.2371  2077.10   4 0.000
  B 
   1             0.1404   0.0144    9.747      1.1507 
   2            -0.1843   0.0162  -11.352      0.8317 
   3            -0.3061   0.0170  -17.984      0.7363 
   4             0.8033   0.0117   68.741      2.2330 
   5            -0.4533                        0.6355  4969.39   4 0.000



*** (CONDITIONAL) PROBABILITIES ***

* P(AB) *

  1 1            0.0302  (0.0007)
  1 2            0.0218  (0.0005)
  1 3            0.0193  (0.0005)
  1 4            0.0586  (0.0011)
  1 5            0.0167  (0.0004)
  2 1            0.0233  (0.0006)
  2 2            0.0168  (0.0004)
  2 3            0.0149  (0.0004)
  2 4            0.0452  (0.0010)
  2 5            0.0129  (0.0004)
  3 1            0.0423  (0.0008)
  3 2            0.0305  (0.0007)
  3 3            0.0270  (0.0006)
  3 4            0.0820  (0.0013)
  3 5            0.0233  (0.0006)
  4 1            0.0621  (0.0011)
  4 2            0.0449  (0.0009)
  4 3            0.0397  (0.0008)
  4 4            0.1205  (0.0017)
  4 5            0.0343  (0.0008)
  5 1            0.0481  (0.0009)
  5 2            0.0348  (0.0007)
  5 3            0.0308  (0.0007)
  5 4            0.0933  (0.0014)
  5 5            0.0266  (0.0006)


