LEM: log-linear and event history analysis with missing data.
Developed by Jeroen Vermunt (c), Tilburg University, The Netherlands.
Version 1.0 (September 18, 1997).


*** INPUT ***

  
man 2

dim 5 5
lab A B
mod {A B fac(AB,1) fac(AB,1) fac(AB,1) fac(AB,1) fac(AB,1)}

des [0 1 1 1 1
                1 0 0 0 0
                1 0 0 0 0
                1 0 0 0 0
                1 0 0 0 0
    
                0 0 1 1 1
                0 0 1 1 1
                1 1 0 0 0
                1 1 0 0 0
                1 1 0 0 0
                
                0 0 0 1 1
                0 0 0 1 1
                0 0 0 1 1
                1 1 1 0 0
                1 1 1 0 0
    
                0 0 0 0 1
                0 0 0 0 1
                0 0 0 0 1
                0 0 0 0 1
                1 1 1 1 0
    
                1 0 0 0 0
                0 1 0 0 0
                0 0 1 0 0
                0 0 0 1 0
                0 0 0 0 1]


dat [1414 521 302 643 40 724 524 254 703 48 798 648 856 1676 108 756 914 771 3325 237 409 357 441 1611 1832]

see 123



*** STATISTICS ***

  Number of iterations = 94
  Converge criterion   = 0.0000008332

  X-squared            = 90.6555 (0.0000)
  L-squared            = 89.4799 (0.0000)
  Cressie-Read         = 90.2294 (0.0000)
  Dissimilarity index  = 0.0211
  Degrees of freedom   = 11
  Log-likelihood       = -57572.92374
  Number of parameters = 13 (+1)
  Sample size          = 19912.0
  BIC(L-squared)       = -19.4100
  AIC(L-squared)       = 67.4799
  BIC(log-likelihood)  = 115274.5355
  AIC(log-likelihood)  = 115171.8475

  Eigenvalues information matrix
   28367.7822 11857.5326  9041.9804  6051.1240  4847.9157  3979.9918
    3276.2182  2641.9440  2415.5977  1859.2761  1675.7401  1095.1167
     530.0782




*** FREQUENCIES ***

  A B     observed  estimated  std. res.
  1 1    1414.000   1413.993      0.000
  1 2     521.000    541.406     -0.877
  1 3     302.000    286.830      0.896
  1 4     643.000    634.073      0.355
  1 5      40.000     43.699     -0.560
  2 1     724.000    641.219      3.269
  2 2     524.000    586.374     -2.576
  2 3     254.000    304.911     -2.916
  2 4     703.000    674.042      1.115
  2 5      48.000     46.454      0.227
  3 1     798.000    780.810      0.615
  3 2     648.000    700.825     -1.995
  3 3     856.000    784.616      2.548
  3 4    1676.000   1702.421     -0.640
  3 5     108.000    117.328     -0.861
  4 1     756.000    847.262     -3.135
  4 2     914.000    760.469      5.567
  4 3     771.000    835.651     -2.236
  4 4    3325.000   3334.085     -0.157
  4 5     237.000    225.532      0.764
  5 1     409.000    417.716     -0.426
  5 2     357.000    374.926     -0.926
  5 3     441.000    411.992      1.429
  5 4    1611.000   1613.379     -0.059
  5 5    1832.000   1831.986      0.000



*** LOG-LINEAR PARAMETERS ***

* TABLE AB [or P(AB)] *

  effect           beta  std err  z-value   exp(beta)     Wald  df  prob
  main           7.1650                    1.29E+0003 
  A 
   1            -0.3366   0.0183  -18.408      0.7142 
   2            -0.6921   0.0192  -35.997      0.5005 
   3            -0.1303   0.0162   -8.022      0.8778 
   4             0.2373   0.0140   16.990      1.2678 
   5             0.9217                        2.5135  2471.88   4 0.000
  B 
   1             0.4070   0.0183   22.221      1.5024 
   2            -0.1177   0.0184   -6.394      0.8890 
   3            -0.3882   0.0180  -21.606      0.6783 
   4             0.6910   0.0129   53.606      1.9957 
   5            -0.5922                        0.5531  3958.88   4 0.000
  fac(AB)
   1            -0.4166   0.0275  -15.132      0.6593   228.97   1 0.000
  fac(AB)
   1            -0.3648   0.0216  -16.913      0.6944   286.04   1 0.000
  fac(AB)
   1            -0.2859   0.0207  -13.792      0.7513   190.23   1 0.000
  fac(AB)
   1            -1.3916   0.0333  -41.756      0.2487  1743.58   1 0.000
  fac(AB)
   1             0.0187   0.0282    0.662      1.0188     0.44   1 0.508



*** (CONDITIONAL) PROBABILITIES ***

* P(AB) *

  1 1            0.0710  (0.0018)
  1 2            0.0272  (0.0009)
  1 3            0.0144  (0.0005)
  1 4            0.0318  (0.0009)
  1 5            0.0022  (0.0001)
  2 1            0.0322  (0.0010)
  2 2            0.0294  (0.0009)
  2 3            0.0153  (0.0005)
  2 4            0.0339  (0.0010)
  2 5            0.0023  (0.0001)
  3 1            0.0392  (0.0010)
  3 2            0.0352  (0.0009)
  3 3            0.0394  (0.0011)
  3 4            0.0855  (0.0018)
  3 5            0.0059  (0.0003)
  4 1            0.0426  (0.0010)
  4 2            0.0382  (0.0009)
  4 3            0.0420  (0.0011)
  4 4            0.1674  (0.0025)
  4 5            0.0113  (0.0006)
  5 1            0.0210  (0.0007)
  5 2            0.0188  (0.0006)
  5 3            0.0207  (0.0006)
  5 4            0.0810  (0.0017)
  5 5            0.0920  (0.0020)


