LEM: log-linear and event history analysis with missing data.
Developed by Jeroen Vermunt (c), Tilburg University, The Netherlands.
Version 1.0 (September 18, 1997).


*** INPUT ***

  
man 2

dim 5 5
lab A B
mod {A B fac(AB,1) fac(AB,1) fac(AB,1) fac(AB,1)}

des [0 1 1 1 1
                1 0 0 0 0
                1 0 0 0 0
                1 0 0 0 0
                1 0 0 0 0
    
                0 0 1 1 1
                0 0 1 1 1
                1 1 0 0 0
                1 1 0 0 0
                1 1 0 0 0
                
                0 0 0 1 1
                0 0 0 1 1
                0 0 0 1 1
                1 1 1 0 0
                1 1 1 0 0
    
                0 0 0 0 1
                0 0 0 0 1
                0 0 0 0 1
                0 0 0 0 1
                1 1 1 1 0]


dat [1414 521 302 643 40 724 524 254 703 48 798 648 856 1676 108 756 914 771 3325 237 409 357 441 1611 1832]

see 123



*** STATISTICS ***

  Number of iterations = 27
  Converge criterion   = 0.0000009150

  X-squared            = 90.9513 (0.0000)
  L-squared            = 89.9139 (0.0000)
  Cressie-Read         = 90.5719 (0.0000)
  Dissimilarity index  = 0.0212
  Degrees of freedom   = 12
  Log-likelihood       = -57573.14072
  Number of parameters = 12 (+1)
  Sample size          = 19912.0
  BIC(L-squared)       = -28.8751
  AIC(L-squared)       = 65.9139
  BIC(log-likelihood)  = 115265.0704
  AIC(log-likelihood)  = 115170.2814

  Eigenvalues information matrix
   28302.4787  9413.9485  8657.9682  5473.8641  4775.4875  3930.0103
    3274.6867  2628.5051  2406.8002  1788.4414  1167.2044  1044.6669




*** FREQUENCIES ***

  A B     observed  estimated  std. res.
  1 1    1414.000   1414.004     -0.000
  1 2     521.000    543.700     -0.974
  1 3     302.000    287.596      0.849
  1 4     643.000    631.542      0.456
  1 5      40.000     43.160     -0.481
  2 1     724.000    644.639      3.126
  2 2     524.000    580.656     -2.351
  2 3     254.000    307.144     -3.032
  2 4     703.000    674.468      1.099
  2 5      48.000     46.094      0.281
  3 1     798.000    781.966      0.573
  3 2     648.000    704.352     -2.123
  3 3     856.000    776.951      2.836
  3 4    1676.000   1706.134     -0.730
  3 5     108.000    116.599     -0.796
  4 1     756.000    847.096     -3.130
  4 2     914.000    763.018      5.466
  4 3     771.000    841.663     -2.436
  4 4    3325.000   3324.058      0.016
  4 5     237.000    227.169      0.652
  5 1     409.000    413.295     -0.211
  5 2     357.000    372.274     -0.792
  5 3     441.000    410.645      1.498
  5 4    1611.000   1621.798     -0.268
  5 5    1832.000   1831.978      0.001



*** LOG-LINEAR PARAMETERS ***

* TABLE AB [or P(AB)] *

  effect           beta  std err  z-value   exp(beta)     Wald  df  prob
  main           7.1792                    1.31E+0003 
  A 
   1            -0.3348   0.0181  -18.495      0.7155 
   2            -0.6947   0.0188  -36.933      0.4992 
   3            -0.1341   0.0152   -8.820      0.8745 
   4             0.2394   0.0136   17.613      1.2704 
   5             0.9243                        2.5200  2675.80   4 0.000
  B 
   1             0.4099   0.0178   22.997      1.5066 
   2            -0.1203   0.0180   -6.694      0.8867 
   3            -0.3897   0.0178  -21.864      0.6773 
   4             0.6904   0.0129   53.698      1.9945 
   5            -0.5903                        0.5542  3975.11   4 0.000
  fac(AB)
   1            -0.4256   0.0239  -17.777      0.6534   316.01   1 0.000
  fac(AB)
   1            -0.3675   0.0212  -17.373      0.6925   301.81   1 0.000
  fac(AB)
   1            -0.2935   0.0173  -16.981      0.7457   288.36   1 0.000
  fac(AB)
   1            -1.4026   0.0289  -48.460      0.2460  2348.40   1 0.000



*** (CONDITIONAL) PROBABILITIES ***

* P(AB) *

  1 1            0.0710  (0.0018)
  1 2            0.0273  (0.0009)
  1 3            0.0144  (0.0005)
  1 4            0.0317  (0.0009)
  1 5            0.0022  (0.0001)
  2 1            0.0324  (0.0010)
  2 2            0.0292  (0.0008)
  2 3            0.0154  (0.0005)
  2 4            0.0339  (0.0010)
  2 5            0.0023  (0.0001)
  3 1            0.0393  (0.0010)
  3 2            0.0354  (0.0009)
  3 3            0.0390  (0.0009)
  3 4            0.0857  (0.0018)
  3 5            0.0059  (0.0003)
  4 1            0.0425  (0.0010)
  4 2            0.0383  (0.0009)
  4 3            0.0423  (0.0010)
  4 4            0.1669  (0.0024)
  4 5            0.0114  (0.0006)
  5 1            0.0208  (0.0006)
  5 2            0.0187  (0.0005)
  5 3            0.0206  (0.0006)
  5 4            0.0814  (0.0016)
  5 5            0.0920  (0.0020)


